This is pdfTeX, Version 3.1415926-2.5-1.40.14 (MiKTeX 2.9) (preloaded format=pdflatex 2014.3.3)  21 SEP 2014 02:50
entering extended mode
**C:/Users/philipoe/Desktop/ICRA2015_AtlantikSolar/root.tex
(C:/Users/philipoe/Desktop/ICRA2015_AtlantikSolar/root.tex
LaTeX2e <2011/06/27>
Babel <v3.8m> and hyphenation patterns for english, afrikaans, ancientgreek, ar
abic, armenian, assamese, basque, bengali, bokmal, bulgarian, catalan, coptic, 
croatian, czech, danish, dutch, esperanto, estonian, farsi, finnish, french, ga
lician, german, german-x-2013-05-26, greek, gujarati, hindi, hungarian, iceland
ic, indonesian, interlingua, irish, italian, kannada, kurmanji, latin, latvian,
 lithuanian, malayalam, marathi, mongolian, mongolianlmc, monogreek, ngerman, n
german-x-2013-05-26, nynorsk, oriya, panjabi, pinyin, polish, portuguese, roman
ian, russian, sanskrit, serbian, slovak, slovenian, spanish, swedish, swissgerm
an, tamil, telugu, turkish, turkmen, ukenglish, ukrainian, uppersorbian, usengl
ishmax, welsh, loaded.
(C:\Users\philipoe\Desktop\ICRA2015_AtlantikSolar\ieeeconf.cls

LaTeX Warning: You have requested document class `ieeeconf',
               but the document class provides `cssconf'.

Document Class: cssconf 2004/1/15 revision V1.6b by Pradeep Misra
\@IEEEtrantmpdimenA=\dimen102
\@IEEEtrantmpdimenB=\dimen103
\@IEEEtrantmpcountA=\count79
\@IEEEtrantmpcountB=\count80
\@IEEEtrantmptoksA=\toks14
LaTeX Font Info:    Try loading font information for OT1+ptm on input line 794.

("C:\Program Files (x86)\MiKTeX 2.9\tex\latex\psnfss\ot1ptm.fd"
File: ot1ptm.fd 2001/06/04 font definitions for OT1/ptm.
)
\@IEEEnormalsizefontbaselineskip=\skip41

-- This is a 10 point document.
\normalsizebaselineskip=\skip42
\normaljot=\skip43
LaTeX Font Info:    Font shape `OT1/ptm/bx/n' in size <5> not available
(Font)              Font shape `OT1/ptm/b/n' tried instead on input line 1113.
LaTeX Font Info:    Font shape `OT1/ptm/bx/it' in size <5> not available
(Font)              Font shape `OT1/ptm/b/it' tried instead on input line 1113.

LaTeX Font Info:    Font shape `OT1/ptm/bx/n' in size <7> not available
(Font)              Font shape `OT1/ptm/b/n' tried instead on input line 1113.
LaTeX Font Info:    Font shape `OT1/ptm/bx/it' in size <7> not available
(Font)              Font shape `OT1/ptm/b/it' tried instead on input line 1113.

LaTeX Font Info:    Font shape `OT1/ptm/bx/n' in size <8> not available
(Font)              Font shape `OT1/ptm/b/n' tried instead on input line 1113.
LaTeX Font Info:    Font shape `OT1/ptm/bx/it' in size <8> not available
(Font)              Font shape `OT1/ptm/b/it' tried instead on input line 1113.

LaTeX Font Info:    Font shape `OT1/ptm/bx/n' in size <9> not available
(Font)              Font shape `OT1/ptm/b/n' tried instead on input line 1113.
LaTeX Font Info:    Font shape `OT1/ptm/bx/it' in size <9> not available
(Font)              Font shape `OT1/ptm/b/it' tried instead on input line 1113.

LaTeX Font Info:    Font shape `OT1/ptm/bx/n' in size <10> not available
(Font)              Font shape `OT1/ptm/b/n' tried instead on input line 1113.
LaTeX Font Info:    Font shape `OT1/ptm/bx/it' in size <10> not available
(Font)              Font shape `OT1/ptm/b/it' tried instead on input line 1113.

LaTeX Font Info:    Font shape `OT1/ptm/bx/n' in size <11> not available
(Font)              Font shape `OT1/ptm/b/n' tried instead on input line 1113.
LaTeX Font Info:    Font shape `OT1/ptm/bx/it' in size <11> not available
(Font)              Font shape `OT1/ptm/b/it' tried instead on input line 1113.

LaTeX Font Info:    Font shape `OT1/ptm/bx/n' in size <12> not available
(Font)              Font shape `OT1/ptm/b/n' tried instead on input line 1113.
LaTeX Font Info:    Font shape `OT1/ptm/bx/it' in size <12> not available
(Font)              Font shape `OT1/ptm/b/it' tried instead on input line 1113.

LaTeX Font Info:    Font shape `OT1/ptm/bx/n' in size <16> not available
(Font)              Font shape `OT1/ptm/b/n' tried instead on input line 1113.
LaTeX Font Info:    Font shape `OT1/ptm/bx/it' in size <16> not available
(Font)              Font shape `OT1/ptm/b/it' tried instead on input line 1113.

LaTeX Font Info:    Font shape `OT1/ptm/bx/n' in size <20> not available
(Font)              Font shape `OT1/ptm/b/n' tried instead on input line 1113.
LaTeX Font Info:    Font shape `OT1/ptm/bx/it' in size <20> not available
(Font)              Font shape `OT1/ptm/b/it' tried instead on input line 1113.

LaTeX Font Info:    Font shape `OT1/ptm/bx/n' in size <24> not available
(Font)              Font shape `OT1/ptm/b/n' tried instead on input line 1113.
LaTeX Font Info:    Font shape `OT1/ptm/bx/it' in size <24> not available
(Font)              Font shape `OT1/ptm/b/it' tried instead on input line 1113.

\IEEEilabelindentA=\dimen104
\IEEEilabelindentB=\dimen105
\IEEEilabelindent=\dimen106
\IEEEelabelindent=\dimen107
\IEEEdlabelindent=\dimen108
\labelindent=\dimen109
\IEEEiednormlabelsep=\dimen110
\IEEEiedmathlabelsep=\dimen111
\IEEEiedtopsep=\skip44
\c@section=\count81
\c@subsection=\count82
\c@subsubsection=\count83
\c@paragraph=\count84
\c@IEEEsubequation=\count85
\abovecaptionskip=\skip45
\belowcaptionskip=\skip46
\c@figure=\count86
\c@table=\count87
\@IEEEeqnnumcols=\count88
\@IEEEeqncolcnt=\count89
\@IEEEtmpitemindent=\dimen112
\c@biography=\count90
\@IEEEtranrubishbin=\box26
)
** ATTENTION: Overriding command lockouts (line 9).
** ATTENTION: Overriding IEEE standard margins (line 12).
("C:\Program Files (x86)\MiKTeX 2.9\tex\latex\graphics\graphicx.sty"
Package: graphicx 1999/02/16 v1.0f Enhanced LaTeX Graphics (DPC,SPQR)

("C:\Program Files (x86)\MiKTeX 2.9\tex\latex\graphics\keyval.sty"
Package: keyval 1999/03/16 v1.13 key=value parser (DPC)
\KV@toks@=\toks15
)
("C:\Program Files (x86)\MiKTeX 2.9\tex\latex\graphics\graphics.sty"
Package: graphics 2009/02/05 v1.0o Standard LaTeX Graphics (DPC,SPQR)

("C:\Program Files (x86)\MiKTeX 2.9\tex\latex\graphics\trig.sty"
Package: trig 1999/03/16 v1.09 sin cos tan (DPC)
)
("C:\Program Files (x86)\MiKTeX 2.9\tex\latex\00miktex\graphics.cfg"
File: graphics.cfg 2007/01/18 v1.5 graphics configuration of teTeX/TeXLive
)
Package graphics Info: Driver file: pdftex.def on input line 91.

("C:\Program Files (x86)\MiKTeX 2.9\tex\latex\pdftex-def\pdftex.def"
File: pdftex.def 2011/05/27 v0.06d Graphics/color for pdfTeX

("C:\Program Files (x86)\MiKTeX 2.9\tex\generic\oberdiek\infwarerr.sty"
Package: infwarerr 2010/04/08 v1.3 Providing info/warning/error messages (HO)
)
("C:\Program Files (x86)\MiKTeX 2.9\tex\generic\oberdiek\ltxcmds.sty"
Package: ltxcmds 2011/11/09 v1.22 LaTeX kernel commands for general use (HO)
)
\Gread@gobject=\count91
))
\Gin@req@height=\dimen113
\Gin@req@width=\dimen114
)
("C:\Program Files (x86)\MiKTeX 2.9\tex\latex\oberdiek\epstopdf.sty"
Package: epstopdf 2010/02/09 v2.5 Conversion with epstopdf on the fly (HO)

("C:\Program Files (x86)\MiKTeX 2.9\tex\latex\oberdiek\epstopdf-base.sty"
Package: epstopdf-base 2010/02/09 v2.5 Base part for package epstopdf

("C:\Program Files (x86)\MiKTeX 2.9\tex\latex\oberdiek\grfext.sty"
Package: grfext 2010/08/19 v1.1 Manage graphics extensions (HO)

("C:\Program Files (x86)\MiKTeX 2.9\tex\generic\oberdiek\kvdefinekeys.sty"
Package: kvdefinekeys 2011/04/07 v1.3 Define keys (HO)
))
("C:\Program Files (x86)\MiKTeX 2.9\tex\latex\oberdiek\kvoptions.sty"
Package: kvoptions 2011/06/30 v3.11 Key value format for package options (HO)

("C:\Program Files (x86)\MiKTeX 2.9\tex\generic\oberdiek\kvsetkeys.sty"
Package: kvsetkeys 2012/04/25 v1.16 Key value parser (HO)

("C:\Program Files (x86)\MiKTeX 2.9\tex\generic\oberdiek\etexcmds.sty"
Package: etexcmds 2011/02/16 v1.5 Avoid name clashes with e-TeX commands (HO)

("C:\Program Files (x86)\MiKTeX 2.9\tex\generic\oberdiek\ifluatex.sty"
Package: ifluatex 2010/03/01 v1.3 Provides the ifluatex switch (HO)
Package ifluatex Info: LuaTeX not detected.
)
Package etexcmds Info: Could not find \expanded.
(etexcmds)             That can mean that you are not using pdfTeX 1.50 or
(etexcmds)             that some package has redefined \expanded.
(etexcmds)             In the latter case, load this package earlier.
)))
("C:\Program Files (x86)\MiKTeX 2.9\tex\generic\oberdiek\pdftexcmds.sty"
Package: pdftexcmds 2011/11/29 v0.20 Utility functions of pdfTeX for LuaTeX (HO
)

("C:\Program Files (x86)\MiKTeX 2.9\tex\generic\oberdiek\ifpdf.sty"
Package: ifpdf 2011/01/30 v2.3 Provides the ifpdf switch (HO)
Package ifpdf Info: pdfTeX in PDF mode is detected.
)
Package pdftexcmds Info: LuaTeX not detected.
Package pdftexcmds Info: \pdf@primitive is available.
Package pdftexcmds Info: \pdf@ifprimitive is available.
Package pdftexcmds Info: \pdfdraftmode found.
)
Package grfext Info: Graphics extension search list:
(grfext)             [.png,.pdf,.jpg,.mps,.jpeg,.jbig2,.jb2,.PNG,.PDF,.JPG,.JPE
G,.JBIG2,.JB2,.eps]
(grfext)             \AppendGraphicsExtensions on input line 452.
))
("C:\Program Files (x86)\MiKTeX 2.9\tex\latex\amsmath\amsmath.sty"
Package: amsmath 2013/01/14 v2.14 AMS math features
\@mathmargin=\skip47

For additional information on amsmath, use the `?' option.
("C:\Program Files (x86)\MiKTeX 2.9\tex\latex\amsmath\amstext.sty"
Package: amstext 2000/06/29 v2.01

("C:\Program Files (x86)\MiKTeX 2.9\tex\latex\amsmath\amsgen.sty"
File: amsgen.sty 1999/11/30 v2.0
\@emptytoks=\toks16
\ex@=\dimen115
))
("C:\Program Files (x86)\MiKTeX 2.9\tex\latex\amsmath\amsbsy.sty"
Package: amsbsy 1999/11/29 v1.2d
\pmbraise@=\dimen116
)
("C:\Program Files (x86)\MiKTeX 2.9\tex\latex\amsmath\amsopn.sty"
Package: amsopn 1999/12/14 v2.01 operator names
)
\inf@bad=\count92
LaTeX Info: Redefining \frac on input line 210.
\uproot@=\count93
\leftroot@=\count94
LaTeX Info: Redefining \overline on input line 306.
\classnum@=\count95
\DOTSCASE@=\count96
LaTeX Info: Redefining \ldots on input line 378.
LaTeX Info: Redefining \dots on input line 381.
LaTeX Info: Redefining \cdots on input line 466.
\Mathstrutbox@=\box27
\strutbox@=\box28
\big@size=\dimen117
LaTeX Font Info:    Redeclaring font encoding OML on input line 566.
LaTeX Font Info:    Redeclaring font encoding OMS on input line 567.
\macc@depth=\count97
\c@MaxMatrixCols=\count98
\dotsspace@=\muskip10
\c@parentequation=\count99
\dspbrk@lvl=\count100
\tag@help=\toks17
\row@=\count101
\column@=\count102
\maxfields@=\count103
\andhelp@=\toks18
\eqnshift@=\dimen118
\alignsep@=\dimen119
\tagshift@=\dimen120
\tagwidth@=\dimen121
\totwidth@=\dimen122
\lineht@=\dimen123
\@envbody=\toks19
\multlinegap=\skip48
\multlinetaggap=\skip49
\mathdisplay@stack=\toks20
LaTeX Info: Redefining \[ on input line 2665.
LaTeX Info: Redefining \] on input line 2666.
)
("C:\Program Files (x86)\MiKTeX 2.9\tex\latex\url\url.sty"
\Urlmuskip=\muskip11
Package: url 2013/09/16  ver 3.4  Verb mode for urls, etc.
)
("C:\Program Files (x86)\MiKTeX 2.9\tex\latex\units\nicefrac.sty"
Package: nicefrac 1998/08/04 v0.9b Nice fractions
\L@UnitsRaiseDisplaystyle=\skip50
\L@UnitsRaiseTextstyle=\skip51
\L@UnitsRaiseScriptstyle=\skip52

("C:\Program Files (x86)\MiKTeX 2.9\tex\latex\base\ifthen.sty"
Package: ifthen 2001/05/26 v1.1c Standard LaTeX ifthen package (DPC)
))
("C:\Program Files (x86)\MiKTeX 2.9\tex\latex\units\units.sty"
Package: units 1998/08/04 v0.9b Typesetting units
)
(C:\Users\philipoe\Desktop\ICRA2015_AtlantikSolar\root.aux)
LaTeX Font Info:    Checking defaults for OML/cmm/m/it on input line 37.
LaTeX Font Info:    ... okay on input line 37.
LaTeX Font Info:    Checking defaults for T1/cmr/m/n on input line 37.
LaTeX Font Info:    ... okay on input line 37.
LaTeX Font Info:    Checking defaults for OT1/cmr/m/n on input line 37.
LaTeX Font Info:    ... okay on input line 37.
LaTeX Font Info:    Checking defaults for OMS/cmsy/m/n on input line 37.
LaTeX Font Info:    ... okay on input line 37.
LaTeX Font Info:    Checking defaults for OMX/cmex/m/n on input line 37.
LaTeX Font Info:    ... okay on input line 37.
LaTeX Font Info:    Checking defaults for U/cmr/m/n on input line 37.
LaTeX Font Info:    ... okay on input line 37.

("C:\Program Files (x86)\MiKTeX 2.9\tex\context\base\supp-pdf.mkii"
[Loading MPS to PDF converter (version 2006.09.02).]
\scratchcounter=\count104
\scratchdimen=\dimen124
\scratchbox=\box29
\nofMPsegments=\count105
\nofMParguments=\count106
\everyMPshowfont=\toks21
\MPscratchCnt=\count107
\MPscratchDim=\dimen125
\MPnumerator=\count108
\makeMPintoPDFobject=\count109
\everyMPtoPDFconversion=\toks22
)
LaTeX Font Info:    Calculating math sizes for size <11> on input line 39.
LaTeX Font Info:    Try loading font information for OT1+pcr on input line 39.
 ("C:\Program Files (x86)\MiKTeX 2.9\tex\latex\psnfss\ot1pcr.fd"
File: ot1pcr.fd 2001/06/04 font definitions for OT1/pcr.
)
(C:\Users\philipoe\Desktop\ICRA2015_AtlantikSolar\chapters/1_Introduction.tex
<images/1_AtlantikSolarCollage.jpg, id=1, 1027.84pt x 587.19376pt>
File: images/1_AtlantikSolarCollage.jpg Graphic file (type jpg)

<use images/1_AtlantikSolarCollage.jpg>
Package pdftex.def Info: images/1_AtlantikSolarCollage.jpg used on input line 1
0.
(pdftex.def)             Requested size: 245.71811pt x 140.37387pt.
 [1{C:/ProgramData/MiKTeX/2.9/pdftex/config/pdftex.map}


 <C:/Users/philipoe/Desktop/ICRA2015_AtlantikSolar/images/1_AtlantikSolarCollag
e.jpg>])
(C:\Users\philipoe\Desktop\ICRA2015_AtlantikSolar\chapters/2_ConceptualDesign.t
ex
Package epstopdf Info: Source file: <images/2_EnergySimulation.eps>
(epstopdf)                    date: 2014-09-19 15:02:06
(epstopdf)                    size: 25176 bytes
(epstopdf)             Output file: <images/2_EnergySimulation-eps-converted-to
.pdf>
(epstopdf)                    date: 2014-09-19 15:04:05
(epstopdf)                    size: 10164 bytes
(epstopdf)             Command: <epstopdf --outfile=images/2_EnergySimulation-e
ps-converted-to.pdf images/2_EnergySimulation.eps>
(epstopdf)             \includegraphics on input line 40.
Package epstopdf Info: Output file is already uptodate.

<images/2_EnergySimulation-eps-converted-to.pdf, id=13, 546.04pt x 335.2525pt>
File: images/2_EnergySimulation-eps-converted-to.pdf Graphic file (type pdf)

<use images/2_EnergySimulation-eps-converted-to.pdf>
Package pdftex.def Info: images/2_EnergySimulation-eps-converted-to.pdf used on
 input line 40.
(pdftex.def)             Requested size: 245.71811pt x 150.86223pt.
 [2 <C:/Users/philipoe/Desktop/ICRA2015_AtlantikSolar/images/2_EnergySimulation
-eps-converted-to.pdf>]
Underfull \hbox (badness 1817) in paragraph at lines 49--50
\OT1/ptm/m/n/10 days where per-pet-ual UAV en-durance is re-quired
 []

Missing character: There is no Â in font cmr10!
Missing character: There is no ° in font cmr10!
Package epstopdf Info: Source file: <images/3_excesstime.eps>
(epstopdf)                    date: 2014-09-20 14:27:50
(epstopdf)                    size: 104552 bytes
(epstopdf)             Output file: <images/3_excesstime-eps-converted-to.pdf>
(epstopdf)                    date: 2014-09-20 14:28:15
(epstopdf)                    size: 20602 bytes
(epstopdf)             Command: <epstopdf --outfile=images/3_excesstime-eps-con
verted-to.pdf images/3_excesstime.eps>
(epstopdf)             \includegraphics on input line 77.
Package epstopdf Info: Output file is already uptodate.
<images/3_excesstime-eps-converted-to.pdf, id=32, 380.42125pt x 165.61874pt>
File: images/3_excesstime-eps-converted-to.pdf Graphic file (type pdf)

<use images/3_excesstime-eps-converted-to.pdf>
Package pdftex.def Info: images/3_excesstime-eps-converted-to.pdf used on input
 line 77.
(pdftex.def)             Requested size: 245.71811pt x 106.97868pt.
Package epstopdf Info: Source file: <images/4_chargemargin.eps>
(epstopdf)                    date: 2014-09-20 14:27:52
(epstopdf)                    size: 118236 bytes
(epstopdf)             Output file: <images/4_chargemargin-eps-converted-to.pdf
>
(epstopdf)                    date: 2014-09-20 14:28:16
(epstopdf)                    size: 21902 bytes
(epstopdf)             Command: <epstopdf --outfile=images/4_chargemargin-eps-c
onverted-to.pdf images/4_chargemargin.eps>
(epstopdf)             \includegraphics on input line 78.
Package epstopdf Info: Output file is already uptodate.

<images/4_chargemargin-eps-converted-to.pdf, id=33, 380.42125pt x 182.6825pt>
File: images/4_chargemargin-eps-converted-to.pdf Graphic file (type pdf)

<use images/4_chargemargin-eps-converted-to.pdf>
Package pdftex.def Info: images/4_chargemargin-eps-converted-to.pdf used on inp
ut line 78.
(pdftex.def)             Requested size: 245.71811pt x 118.00073pt.
Missing character: There is no Â in font cmr6!
Missing character: There is no ² in font cmr6!
 [3 <C:/Users/philipoe/Desktop/ICRA2015_AtlantikSolar/images/3_excesstime-eps-c
onverted-to.pdf> <C:/Users/philipoe/Desktop/ICRA2015_AtlantikSolar/images/4_cha
rgemargin-eps-converted-to.pdf>] <images/5_texcRobustness.pdf, id=50, 355.85263
pt x 361.70845pt>
File: images/5_texcRobustness.pdf Graphic file (type pdf)

<use images/5_texcRobustness.pdf>
Package pdftex.def Info: images/5_texcRobustness.pdf used on input line 111.
(pdftex.def)             Requested size: 245.71811pt x 249.76675pt.
)
(C:\Users\philipoe\Desktop\ICRA2015_AtlantikSolar\chapters/3_DetailedDesign.tex
Missing character: There is no Â in font cmr10!
Missing character: There is no ° in font cmr10!
<images/6_CAD_AtlantikSolarFull.png, id=51, 693.792pt x 256.5585pt>
File: images/6_CAD_AtlantikSolarFull.png Graphic file (type png)

<use images/6_CAD_AtlantikSolarFull.png>
Package pdftex.def Info: images/6_CAD_AtlantikSolarFull.png used on input line 
7.
(pdftex.def)             Requested size: 245.71811pt x 90.86554pt.

<images/7_CAD_AtlantikSolarStructure.jpg, id=53, 1885.0425pt x 935.495pt>
File: images/7_CAD_AtlantikSolarStructure.jpg Graphic file (type jpg)

<use images/7_CAD_AtlantikSolarStructure.jpg>
Package pdftex.def Info: images/7_CAD_AtlantikSolarStructure.jpg used on input 
line 36.
(pdftex.def)             Requested size: 245.71811pt x 121.93265pt.
Missing character: There is no Â in font cmr10!
Missing character: There is no ° in font cmr10!
 [4 <C:/Users/philipoe/Desktop/ICRA2015_AtlantikSolar/images/5_texcRobustness.p
df> <C:/Users/philipoe/Desktop/ICRA2015_AtlantikSolar/images/6_CAD_AtlantikSola
rFull.png>]
Underfull \hbox (badness 2253) in paragraph at lines 48--49
 \OT1/ptm/m/it/10 2) Avion-ics: [][] \OT1/ptm/m/n/10 The At-lantik-So-lar avion
-ics topol-ogy is
 []



pdfTeX warning: pdflatex.EXE (file C:/Users/philipoe/Desktop/ICRA2015_AtlantikS
olar/images/8b_AtlantikSolar_Avionics.pdf): PDF inclusion: found PDF version <1
.7>, but at most version <1.5> allowed
<images/8b_AtlantikSolar_Avionics.pdf, id=153, 525.91483pt x 340.84238pt>
File: images/8b_AtlantikSolar_Avionics.pdf Graphic file (type pdf)

<use images/8b_AtlantikSolar_Avionics.pdf>
Package pdftex.def Info: images/8b_AtlantikSolar_Avionics.pdf used on input lin
e 53.
(pdftex.def)             Requested size: 245.71811pt x 159.24937pt.

<images/9_CAD_AtlantikSolarAvionics.jpg, id=154, 1885.0425pt x 935.495pt>
File: images/9_CAD_AtlantikSolarAvionics.jpg Graphic file (type jpg)

<use images/9_CAD_AtlantikSolarAvionics.jpg>
Package pdftex.def Info: images/9_CAD_AtlantikSolarAvionics.jpg used on input l
ine 60.
(pdftex.def)             Requested size: 245.71811pt x 121.93265pt.
) [5 <C:/Users/philipoe/Desktop/ICRA2015_AtlantikSolar/images/7_CAD_AtlantikSol
arStructure.jpg> <C:/Users/philipoe/Desktop/ICRA2015_AtlantikSolar/images/8b_At
lantikSolar_Avionics.pdf, page is rotated 90 degrees> <C:/Users/philipoe/Deskto
p/ICRA2015_AtlantikSolar/images/9_CAD_AtlantikSolarAvionics.jpg>]
(C:\Users\philipoe\Desktop\ICRA2015_AtlantikSolar\chapters/4_ExperimentalResult
s.tex)
Missing character: There is no ï in font ptmr7t!
Missing character: There is no ¿ in font ptmr7t!
Missing character: There is no ½ in font ptmr7t!
Missing character: There is no ï in font ptmr7t!
Missing character: There is no ¿ in font ptmr7t!
Missing character: There is no ½ in font ptmr7t!
Missing character: There is no ï in font ptmr7t!
Missing character: There is no ¿ in font ptmr7t!
Missing character: There is no ½ in font ptmr7t!
Missing character: There is no ï in font ptmr7t!
Missing character: There is no ¿ in font ptmr7t!
Missing character: There is no ½ in font ptmr7t!
Missing character: There is no ï in font ptmr7t!
Missing character: There is no ¿ in font ptmr7t!
Missing character: There is no ½ in font ptmr7t!
Missing character: There is no ï in font ptmr7t!
Missing character: There is no ¿ in font ptmr7t!
Missing character: There is no ½ in font ptmr7t!
Missing character: There is no ï in font ptmr7t!
Missing character: There is no ¿ in font ptmr7t!
Missing character: There is no ½ in font ptmr7t!
Missing character: There is no ï in font ptmr7t!
Missing character: There is no ¿ in font ptmr7t!
Missing character: There is no ½ in font ptmr7t!
Missing character: There is no ï in font ptmr7t!
Missing character: There is no ¿ in font ptmr7t!
Missing character: There is no ½ in font ptmr7t!
Missing character: There is no ï in font ptmr7t!
Missing character: There is no ¿ in font ptmr7t!
Missing character: There is no ½ in font ptmr7t!
 (C:\Users\philipoe\Desktop\ICRA2015_AtlantikSolar\root.bbl
Underfull \hbox (badness 2005) in paragraph at lines 7--13
[]\OT1/ptm/m/n/8 Alan Coc-coni.  Ac propul-sion's so-lar elec-tric pow-ered so-
long
 []


Underfull \hbox (badness 1436) in paragraph at lines 7--13
\OT1/ptm/m/n/8 uav.  Tech-ni-cal re-port, AC Propul-sion, 2005.  Re-trieved fro
m
 []


Underfull \hbox (badness 10000) in paragraph at lines 7--13
$\OT1/pcr/m/n/8 {http : / / www . tu . no / migrationcatalog / 2005 / 07 / 24 /
$
 []


Underfull \hbox (badness 2293) in paragraph at lines 32--37
[]\OT1/ptm/m/n/8 K. Kimura and D.G. Stephen-son.  So-lar ra-di-a-tion on cloudy

 []


Underfull \hbox (badness 1509) in paragraph at lines 32--37
\OT1/ptm/m/n/8 days.  Tech-ni-cal re-port, Na-tional Re-search Coun-cil of Cana
da,
 []


Underfull \hbox (badness 5245) in paragraph at lines 32--37
\OT1/ptm/m/n/8 1969.  Re-trieved from $\OT1/pcr/m/n/8 {http : / / web . mit . e
du / parmstr /$
 []

)

** Conference Paper **
Before submitting the final camera ready copy, remember to:

 1. Manually equalize the lengths of two columns on the last page
 of your paper;

 2. Ensure that any PostScript and/or PDF output post-processing
 uses only Type 1 fonts and that every step in the generation
 process uses the US letter (8.5in X 11in) paper size.

[6] (C:\Users\philipoe\Desktop\ICRA2015_AtlantikSolar\root.aux) ) 
Here is how much of TeX's memory you used:
 2983 strings out of 493921
 45556 string characters out of 3144868
 109871 words of memory out of 3000000
 6199 multiletter control sequences out of 15000+200000
 44502 words of font info for 87 fonts, out of 3000000 for 9000
 841 hyphenation exceptions out of 8191
 42i,12n,23p,1716b,287s stack positions out of 5000i,500n,10000p,200000b,50000s
{C:/Program Fi
les (x86)/MiKTeX 2.9/fonts/enc/dvips/fontname/8r.enc}<C:/Program Files (x86)/Mi
KTeX 2.9/fonts/type1/public/amsfonts/cm/cmex10.pfb><C:/Program Files (x86)/MiKT
eX 2.9/fonts/type1/public/amsfonts/cm/cmmi10.pfb><C:/Program Files (x86)/MiKTeX
 2.9/fonts/type1/public/amsfonts/cm/cmmi5.pfb><C:/Program Files (x86)/MiKTeX 2.
9/fonts/type1/public/amsfonts/cm/cmmi6.pfb><C:/Program Files (x86)/MiKTeX 2.9/f
onts/type1/public/amsfonts/cm/cmmi7.pfb><C:/Program Files (x86)/MiKTeX 2.9/font
s/type1/public/amsfonts/cm/cmmi8.pfb><C:/Program Files (x86)/MiKTeX 2.9/fonts/t
ype1/public/amsfonts/cm/cmr10.pfb><C:/Program Files (x86)/MiKTeX 2.9/fonts/type
1/public/amsfonts/cm/cmr5.pfb><C:/Program Files (x86)/MiKTeX 2.9/fonts/type1/pu
blic/amsfonts/cm/cmr6.pfb><C:/Program Files (x86)/MiKTeX 2.9/fonts/type1/public
/amsfonts/cm/cmr7.pfb><C:/Program Files (x86)/MiKTeX 2.9/fonts/type1/public/ams
fonts/cm/cmr8.pfb><C:/Program Files (x86)/MiKTeX 2.9/fonts/type1/public/amsfont
s/cm/cmsy10.pfb><C:/Program Files (x86)/MiKTeX 2.9/fonts/type1/public/amsfonts/
cm/cmsy7.pfb><C:/Program Files (x86)/MiKTeX 2.9/fonts/type1/public/amsfonts/cm/
cmsy8.pfb><C:/Program Files (x86)/MiKTeX 2.9/fonts/type1/urw/courier/ucrr8a.pfb
><C:/Program Files (x86)/MiKTeX 2.9/fonts/type1/urw/times/utmb8a.pfb><C:/Progra
m Files (x86)/MiKTeX 2.9/fonts/type1/urw/times/utmbi8a.pfb><C:/Program Files (x
86)/MiKTeX 2.9/fonts/type1/urw/times/utmr8a.pfb><C:/Program Files (x86)/MiKTeX 
2.9/fonts/type1/urw/times/utmri8a.pfb>
Output written on root.pdf (6 pages, 1866503 bytes).
PDF statistics:
 229 PDF objects out of 1000 (max. 8388607)
 0 named destinations out of 1000 (max. 500000)
 46 words of extra memory for PDF output out of 10000 (max. 10000000)

