This is pdfTeX, Version 3.1415926-2.5-1.40.14 (MiKTeX 2.9) (preloaded format=pdflatex 2014.9.29)  30 SEP 2014 15:21
entering extended mode
**C:/Users/melzeram/Documents/Papers/ICRA_2015/ICRA2015_AtlantikSolar_Paper/cha
pters/2_ConceptualDesign.tex

(C:/Users/melzeram/Documents/Papers/ICRA_2015/ICRA2015_AtlantikSolar_Paper/chap
ters/2_ConceptualDesign.tex
LaTeX2e <2014/05/01>
Babel <3.9k> and hyphenation patterns for 68 languages loaded.
! Undefined control sequence.
l.2 \section
            {CONCEPTUAL DESIGN}
? 
! Emergency stop.
l.2 \section
            {CONCEPTUAL DESIGN}
End of file on the terminal!

 
Here is how much of TeX's memory you used:
 7 strings out of 493706
 391 string characters out of 3142156
 52139 words of memory out of 3000000
 3427 multiletter control sequences out of 15000+200000
 3640 words of font info for 14 fonts, out of 3000000 for 9000
 1025 hyphenation exceptions out of 8191
 5i,0n,1p,188b,8s stack positions out of 5000i,500n,10000p,200000b,50000s
!  ==> Fatal error occurred, no output PDF file produced!
