This is pdfTeX, Version 3.1415926-2.3-1.40.12 (MiKTeX 2.9) (preloaded format=pdftex 2011.6.14)  22 SEP 2014 09:55
entering extended mode
**C:/Users/melzeram/Documents/Papers/ICRA_2015/ICRA2015_AtlantikSolar_Paper/ref
s/refs_SolarUAVs.bib

(C:/Users/melzeram/Documents/Papers/ICRA_2015/ICRA2015_AtlantikSolar_Paper/refs
/refs_SolarUAVs.bib
! Missing $ inserted.
<inserted text> 
                $
<to be read again> 
                   _
l.8 @article{NASA_
                  Pathfinder,
? 
! Emergency stop.
<inserted text> 
                $
<to be read again> 
                   _
l.8 @article{NASA_
                  Pathfinder,
End of file on the terminal!

!  ==> Fatal error occurred, no output PDF file produced!
