This is pdfTeX, Version 3.1415926-2.5-1.40.14 (MiKTeX 2.9) (preloaded format=pdftex 2014.9.11)  18 SEP 2014 16:12
entering extended mode
**C:/Users/philipoe/Desktop/ICRA2015_AtlantikSolar/refs/refs_SolarUAVs.bib
(C:/Users/philipoe/Desktop/ICRA2015_AtlantikSolar/refs/refs_SolarUAVs.bib
! Missing $ inserted.
<inserted text> 
                $
<to be read again> 
                   _
l.8 @article{NASA_
                  Pathfinder,
? 
! Emergency stop.
<inserted text> 
                $
<to be read again> 
                   _
l.8 @article{NASA_
                  Pathfinder,
End of file on the terminal!

!  ==> Fatal error occurred, no output PDF file produced!
